e:\learn\newtugasgpu\newtugasgpu\debug\vc140.pdb
e:\learn\newtugasgpu\newtugasgpu\debug\vc140.idb
e:\learn\newtugasgpu\newtugasgpu\debug\lesson41.obj
e:\learn\newtugasgpu\newtugasgpu\debug\lesson42.obj
e:\learn\newtugasgpu\newtugasgpu\debug\lesson43.obj
e:\learn\newtugasgpu\newtugasgpu\debug\lesson44.obj
e:\learn\newtugasgpu\newtugasgpu\debug\lesson45.obj
e:\learn\newtugasgpu\newtugasgpu\debug\lesson46.obj
e:\learn\newtugasgpu\newtugasgpu\debug\lesson47.obj
e:\learn\newtugasgpu\newtugasgpu\debug\lesson5.obj
e:\learn\newtugasgpu\newtugasgpu\debug\lesson6.obj
e:\learn\newtugasgpu\newtugasgpu\debug\lesson7.obj
e:\learn\newtugasgpu\newtugasgpu\debug\lesson8.obj
e:\learn\newtugasgpu\newtugasgpu\debug\lesson9.obj
e:\learn\newtugasgpu\newtugasgpu\debug\main.obj
e:\learn\newtugasgpu\newtugasgpu\debug\milkshapemodel.obj
e:\learn\newtugasgpu\newtugasgpu\debug\model.obj
e:\learn\newtugasgpu\newtugasgpu\debug\nehegl.obj
e:\learn\newtugasgpu\newtugasgpu\debug\tgaloader.obj
e:\learn\newtugasgpu\newtugasgpu\debug\tmatrix.obj
e:\learn\newtugasgpu\newtugasgpu\debug\tray.obj
e:\learn\newtugasgpu\newtugasgpu\debug\tvector.obj
e:\learn\newtugasgpu\newtugasgpu\debug\lesson23.obj
e:\learn\newtugasgpu\newtugasgpu\debug\lesson24.obj
e:\learn\newtugasgpu\newtugasgpu\debug\lesson25.obj
e:\learn\newtugasgpu\newtugasgpu\debug\lesson26.obj
e:\learn\newtugasgpu\newtugasgpu\debug\lesson27.obj
e:\learn\newtugasgpu\newtugasgpu\debug\lesson28.obj
e:\learn\newtugasgpu\newtugasgpu\debug\lesson29.obj
e:\learn\newtugasgpu\newtugasgpu\debug\lesson3.obj
e:\learn\newtugasgpu\newtugasgpu\debug\lesson30.obj
e:\learn\newtugasgpu\newtugasgpu\debug\lesson31.obj
e:\learn\newtugasgpu\newtugasgpu\debug\lesson32.obj
e:\learn\newtugasgpu\newtugasgpu\debug\lesson33.obj
e:\learn\newtugasgpu\newtugasgpu\debug\lesson34.obj
e:\learn\newtugasgpu\newtugasgpu\debug\lesson35.obj
e:\learn\newtugasgpu\newtugasgpu\debug\lesson36.obj
e:\learn\newtugasgpu\newtugasgpu\debug\lesson37.obj
e:\learn\newtugasgpu\newtugasgpu\debug\lesson38.obj
e:\learn\newtugasgpu\newtugasgpu\debug\lesson39.obj
e:\learn\newtugasgpu\newtugasgpu\debug\lesson4.obj
e:\learn\newtugasgpu\newtugasgpu\debug\lesson40.obj
e:\learn\newtugasgpu\newtugasgpu\debug\glcamera.obj
e:\learn\newtugasgpu\newtugasgpu\debug\glfont.obj
e:\learn\newtugasgpu\newtugasgpu\debug\glpoint.obj
e:\learn\newtugasgpu\newtugasgpu\debug\glvector.obj
e:\learn\newtugasgpu\newtugasgpu\debug\image.obj
e:\learn\newtugasgpu\newtugasgpu\debug\lesson1.obj
e:\learn\newtugasgpu\newtugasgpu\debug\lesson10.obj
e:\learn\newtugasgpu\newtugasgpu\debug\lesson11.obj
e:\learn\newtugasgpu\newtugasgpu\debug\lesson12.obj
e:\learn\newtugasgpu\newtugasgpu\debug\lesson13.obj
e:\learn\newtugasgpu\newtugasgpu\debug\lesson14.obj
e:\learn\newtugasgpu\newtugasgpu\debug\lesson15.obj
e:\learn\newtugasgpu\newtugasgpu\debug\lesson16.obj
e:\learn\newtugasgpu\newtugasgpu\debug\lesson17.obj
e:\learn\newtugasgpu\newtugasgpu\debug\lesson18.obj
e:\learn\newtugasgpu\newtugasgpu\debug\lesson19.obj
e:\learn\newtugasgpu\newtugasgpu\debug\lesson2.obj
e:\learn\newtugasgpu\newtugasgpu\debug\lesson20.obj
e:\learn\newtugasgpu\newtugasgpu\debug\lesson21.obj
e:\learn\newtugasgpu\newtugasgpu\debug\lesson22.obj
e:\learn\newtugasgpu\newtugasgpu\debug\arb_multisample.obj
e:\learn\newtugasgpu\newtugasgpu\debug\baseapp.obj
e:\learn\newtugasgpu\newtugasgpu\debug\bmp.obj
e:\learn\newtugasgpu\newtugasgpu\debug\freetype.obj
e:\learn\newtugasgpu\newtugasgpu\debug\lesson48.obj
e:\learn\newtugasgpu\newtugasgpu\debug\arcball.obj
e:\learn\newtugasgpu\debug\newtugasgpu.exe
e:\learn\newtugasgpu\debug\newtugasgpu.pdb
e:\learn\newtugasgpu\newtugasgpu\debug\newtugasgpu1.res
e:\learn\newtugasgpu\newtugasgpu\debug\newtugasgpu.tlog\cl.command.1.tlog
e:\learn\newtugasgpu\newtugasgpu\debug\newtugasgpu.tlog\cl.read.1.tlog
e:\learn\newtugasgpu\newtugasgpu\debug\newtugasgpu.tlog\cl.write.1.tlog
e:\learn\newtugasgpu\newtugasgpu\debug\newtugasgpu.tlog\link.command.1.tlog
e:\learn\newtugasgpu\newtugasgpu\debug\newtugasgpu.tlog\link.read.1.tlog
e:\learn\newtugasgpu\newtugasgpu\debug\newtugasgpu.tlog\link.write.1.tlog
e:\learn\newtugasgpu\newtugasgpu\debug\newtugasgpu.tlog\rc.command.1.tlog
e:\learn\newtugasgpu\newtugasgpu\debug\newtugasgpu.tlog\rc.read.1.tlog
e:\learn\newtugasgpu\newtugasgpu\debug\newtugasgpu.tlog\rc.write.1.tlog
